# JRE version: Java(TM) SE Runtime Environment (8.0_05-b13) (build 1.8.0_05-b13)
# Java VM: Java HotSpot(TM) 64-Bit Server VM (25.5-b02 mixed mode windows-amd64 compressed oops)
Heap:
 PSYoungGen      total 12288K, used 11888K [0x00000000d6000000, 0x00000000d6d80000, 0x0000000100000000)
  eden space 10752K, 99% used [0x00000000d6000000,0x00000000d6a723c8,0x00000000d6a80000)
  from space 1536K, 77% used [0x00000000d6c00000,0x00000000d6d29fd8,0x00000000d6d80000)
  to   space 1536K, 0% used [0x00000000d6a80000,0x00000000d6a80000,0x00000000d6c00000)
 ParOldGen       total 127488K, used 2404K [0x0000000082000000, 0x0000000089c80000, 0x00000000d6000000)
  object space 127488K, 1% used [0x0000000082000000,0x0000000082259380,0x0000000089c80000)
 Metaspace       used 16159K, capacity 16305K, committed 16640K, reserved 1064960K
  class space    used 1652K, capacity 1691K, committed 1792K, reserved 1048576K
GC Heap History (10 events):
Event: 0.704 GC heap before
{Heap before GC invocations=8 (full 0):
 PSYoungGen      total 3072K, used 2881K [0x00000000d6000000, 0x00000000d6700000, 0x0000000100000000)
  eden space 2048K, 96% used [0x00000000d6000000,0x00000000d61ebb20,0x00000000d6200000)
  from space 1024K, 89% used [0x00000000d6200000,0x00000000d62e4a18,0x00000000d6300000)
  to   space 1536K, 0% used [0x00000000d6580000,0x00000000d6580000,0x00000000d6700000)
 ParOldGen       total 127488K, used 889K [0x0000000082000000, 0x0000000089c80000, 0x00000000d6000000)
  object space 127488K, 0% used [0x0000000082000000,0x00000000820de7e0,0x0000000089c80000)
 Metaspace       used 8889K, capacity 9004K, committed 9344K, reserved 1056768K
  class space    used 1020K, capacity 1054K, committed 1152K, reserved 1048576K
Event: 0.707 GC heap after
Heap after GC invocations=8 (full 0):
 PSYoungGen      total 5632K, used 1236K [0x00000000d6000000, 0x00000000d6700000, 0x0000000100000000)
  eden space 4096K, 0% used [0x00000000d6000000,0x00000000d6000000,0x00000000d6400000)
  from space 1536K, 80% used [0x00000000d6580000,0x00000000d66b5240,0x00000000d6700000)
  to   space 1536K, 0% used [0x00000000d6400000,0x00000000d6400000,0x00000000d6580000)
 ParOldGen       total 127488K, used 937K [0x0000000082000000, 0x0000000089c80000, 0x00000000d6000000)
  object space 127488K, 0% used [0x0000000082000000,0x00000000820ea7e0,0x0000000089c80000)
 Metaspace       used 8889K, capacity 9004K, committed 9344K, reserved 1056768K
  class space    used 1020K, capacity 1054K, committed 1152K, reserved 1048576K
}
Event: 0.864 GC heap before
{Heap before GC invocations=9 (full 0):
 PSYoungGen      total 5632K, used 5332K [0x00000000d6000000, 0x00000000d6700000, 0x0000000100000000)
  eden space 4096K, 100% used [0x00000000d6000000,0x00000000d6400000,0x00000000d6400000)
  from space 1536K, 80% used [0x00000000d6580000,0x00000000d66b5240,0x00000000d6700000)
  to   space 1536K, 0% used [0x00000000d6400000,0x00000000d6400000,0x00000000d6580000)
 ParOldGen       total 127488K, used 937K [0x0000000082000000, 0x0000000089c80000, 0x00000000d6000000)
  object space 127488K, 0% used [0x0000000082000000,0x00000000820ea7e0,0x0000000089c80000)
 Metaspace       used 11559K, capacity 11801K, committed 12032K, reserved 1060864K
  class space    used 1122K, capacity 1175K, committed 1280K, reserved 1048576K
Event: 0.865 GC heap after
Heap after GC invocations=9 (full 0):
 PSYoungGen      total 5632K, used 973K [0x00000000d6000000, 0x00000000d6980000, 0x0000000100000000)
  eden space 4096K, 0% used [0x00000000d6000000,0x00000000d6000000,0x00000000d6400000)
  from space 1536K, 63% used [0x00000000d6400000,0x00000000d64f36c8,0x00000000d6580000)
  to   space 1536K, 0% used [0x00000000d6800000,0x00000000d6800000,0x00000000d6980000)
 ParOldGen       total 127488K, used 1258K [0x0000000082000000, 0x0000000089c80000, 0x00000000d6000000)
  object space 127488K, 0% used [0x0000000082000000,0x000000008213a800,0x0000000089c80000)
 Metaspace       used 11559K, capacity 11801K, committed 12032K, reserved 1060864K
  class space    used 1122K, capacity 1175K, committed 1280K, reserved 1048576K
}
Event: 1.102 GC heap before
{Heap before GC invocations=10 (full 0):
 PSYoungGen      total 5632K, used 5069K [0x00000000d6000000, 0x00000000d6980000, 0x0000000100000000)
  eden space 4096K, 100% used [0x00000000d6000000,0x00000000d6400000,0x00000000d6400000)
  from space 1536K, 63% used [0x00000000d6400000,0x00000000d64f36c8,0x00000000d6580000)
  to   space 1536K, 0% used [0x00000000d6800000,0x00000000d6800000,0x00000000d6980000)
 ParOldGen       total 127488K, used 1258K [0x0000000082000000, 0x0000000089c80000, 0x00000000d6000000)
  object space 127488K, 0% used [0x0000000082000000,0x000000008213a800,0x0000000089c80000)
 Metaspace       used 12192K, capacity 12351K, committed 12544K, reserved 1060864K
  class space    used 1186K, capacity 1208K, committed 1280K, reserved 1048576K
Event: 1.108 GC heap after
Heap after GC invocations=10 (full 0):
 PSYoungGen      total 8192K, used 575K [0x00000000d6000000, 0x00000000d6980000, 0x0000000100000000)
  eden space 6656K, 0% used [0x00000000d6000000,0x00000000d6000000,0x00000000d6680000)
  from space 1536K, 37% used [0x00000000d6800000,0x00000000d688ff30,0x00000000d6980000)
  to   space 1536K, 0% used [0x00000000d6680000,0x00000000d6680000,0x00000000d6800000)
 ParOldGen       total 127488K, used 1738K [0x0000000082000000, 0x0000000089c80000, 0x00000000d6000000)
  object space 127488K, 1% used [0x0000000082000000,0x00000000821b2800,0x0000000089c80000)
 Metaspace       used 12192K, capacity 12351K, committed 12544K, reserved 1060864K
  class space    used 1186K, capacity 1208K, committed 1280K, reserved 1048576K
}
Event: 1.211 GC heap before
{Heap before GC invocations=11 (full 0):
 PSYoungGen      total 8192K, used 7231K [0x00000000d6000000, 0x00000000d6980000, 0x0000000100000000)
  eden space 6656K, 100% used [0x00000000d6000000,0x00000000d6680000,0x00000000d6680000)
  from space 1536K, 37% used [0x00000000d6800000,0x00000000d688ff30,0x00000000d6980000)
  to   space 1536K, 0% used [0x00000000d6680000,0x00000000d6680000,0x00000000d6800000)
 ParOldGen       total 127488K, used 1738K [0x0000000082000000, 0x0000000089c80000, 0x00000000d6000000)
  object space 127488K, 1% used [0x0000000082000000,0x00000000821b2800,0x0000000089c80000)
 Metaspace       used 12223K, capacity 12415K, committed 12544K, reserved 1060864K
  class space    used 1187K, capacity 1208K, committed 1280K, reserved 1048576K
Event: 1.214 GC heap after
Heap after GC invocations=11 (full 0):
 PSYoungGen      total 8192K, used 576K [0x00000000d6000000, 0x00000000d6d80000, 0x0000000100000000)
  eden space 6656K, 0% used [0x00000000d6000000,0x00000000d6000000,0x00000000d6680000)
  from space 1536K, 37% used [0x00000000d6680000,0x00000000d6710000,0x00000000d6800000)
  to   space 1536K, 0% used [0x00000000d6c00000,0x00000000d6c00000,0x00000000d6d80000)
 ParOldGen       total 127488K, used 1886K [0x0000000082000000, 0x0000000089c80000, 0x00000000d6000000)
  object space 127488K, 1% used [0x0000000082000000,0x00000000821d7bf8,0x0000000089c80000)
 Metaspace       used 12223K, capacity 12415K, committed 12544K, reserved 1060864K
  class space    used 1187K, capacity 1208K, committed 1280K, reserved 1048576K
}
Event: 1.345 GC heap before
{Heap before GC invocations=12 (full 0):
 PSYoungGen      total 8192K, used 7232K [0x00000000d6000000, 0x00000000d6d80000, 0x0000000100000000)
  eden space 6656K, 100% used [0x00000000d6000000,0x00000000d6680000,0x00000000d6680000)
  from space 1536K, 37% used [0x00000000d6680000,0x00000000d6710000,0x00000000d6800000)
  to   space 1536K, 0% used [0x00000000d6c00000,0x00000000d6c00000,0x00000000d6d80000)
 ParOldGen       total 127488K, used 1886K [0x0000000082000000, 0x0000000089c80000, 0x00000000d6000000)
  object space 127488K, 1% used [0x0000000082000000,0x00000000821d7bf8,0x0000000089c80000)
 Metaspace       used 12298K, capacity 12511K, committed 12800K, reserved 1060864K
  class space    used 1192K, capacity 1240K, committed 1280K, reserved 1048576K
Event: 1.349 GC heap after
Heap after GC invocations=12 (full 0):
 PSYoungGen      total 12288K, used 1191K [0x00000000d6000000, 0x00000000d6d80000, 0x0000000100000000)
  eden space 10752K, 0% used [0x00000000d6000000,0x00000000d6000000,0x00000000d6a80000)
  from space 1536K, 77% used [0x00000000d6c00000,0x00000000d6d29fd8,0x00000000d6d80000)
  to   space 1536K, 0% used [0x00000000d6a80000,0x00000000d6a80000,0x00000000d6c00000)
 ParOldGen       total 127488K, used 2404K [0x0000000082000000, 0x0000000089c80000, 0x00000000d6000000)
  object space 127488K, 1% used [0x0000000082000000,0x0000000082259380,0x0000000089c80000)
 Metaspace       used 12298K, capacity 12511K, committed 12800K, reserved 1060864K
  class space    used 1192K, capacity 1240K, committed 1280K, reserved 1048576K
}

